2025-08-10 20:09:26,450 INFO sqlalchemy.engine.Engine BEGIN (implicit)
INFO:sqlalchemy.engine.Engine:BEGIN (implicit)
2025-08-10 20:09:26,451 INFO sqlalchemy.engine.Engine PRAGMA main.table_info("hcm_pages")
INFO:sqlalchemy.engine.Engine:PRAGMA main.table_info("hcm_pages")
2025-08-10 20:09:26,451 INFO sqlalchemy.engine.Engine [raw sql] ()
INFO:sqlalchemy.engine.Engine:[raw sql] ()
2025-08-10 20:09:26,451 INFO sqlalchemy.engine.Engine PRAGMA main.table_info("page_features")
INFO:sqlalchemy.engine.Engine:PRAGMA main.table_info("page_features")
2025-08-10 20:09:26,451 INFO sqlalchemy.engine.Engine [raw sql] ()
INFO:sqlalchemy.engine.Engine:[raw sql] ()
2025-08-10 20:09:26,451 INFO sqlalchemy.engine.Engine COMMIT
INFO:sqlalchemy.engine.Engine:COMMIT
INFO:__main__:Database initialized successfully
 * Serving Flask app 'app'
 * Debug mode: on
INFO:werkzeug:[31m[1mWARNING: This is a development server. Do not use it in a production deployment. Use a production WSGI server instead.[0m
 * Running on all addresses (0.0.0.0)
 * Running on http://127.0.0.1:5000
 * Running on http://172.30.0.2:5000
INFO:werkzeug:[33mPress CTRL+C to quit[0m
INFO:werkzeug: * Restarting with stat
2025-08-10 20:09:26,708 INFO sqlalchemy.engine.Engine BEGIN (implicit)
INFO:sqlalchemy.engine.Engine:BEGIN (implicit)
2025-08-10 20:09:26,708 INFO sqlalchemy.engine.Engine PRAGMA main.table_info("hcm_pages")
INFO:sqlalchemy.engine.Engine:PRAGMA main.table_info("hcm_pages")
2025-08-10 20:09:26,709 INFO sqlalchemy.engine.Engine [raw sql] ()
INFO:sqlalchemy.engine.Engine:[raw sql] ()
2025-08-10 20:09:26,709 INFO sqlalchemy.engine.Engine PRAGMA main.table_info("page_features")
INFO:sqlalchemy.engine.Engine:PRAGMA main.table_info("page_features")
2025-08-10 20:09:26,709 INFO sqlalchemy.engine.Engine [raw sql] ()
INFO:sqlalchemy.engine.Engine:[raw sql] ()
2025-08-10 20:09:26,709 INFO sqlalchemy.engine.Engine COMMIT
INFO:sqlalchemy.engine.Engine:COMMIT
INFO:__main__:Database initialized successfully
WARNING:werkzeug: * Debugger is active!
INFO:werkzeug: * Debugger PIN: 221-433-339
